npm WARN @eiswind/proto-client-api@0.0.1-SNAPSHOT.201912211722 requires a peer of @angular/core@^8.2.14 but none is installed. You must install peer dependencies yourself.
npm WARN @eiswind/proto-client-api@0.0.1-SNAPSHOT.201912211722 requires a peer of @angular/common@^8.2.14 but none is installed. You must install peer dependencies yourself.
npm WARN @eiswind/proto-client-api@0.0.1-SNAPSHOT.201912211722 requires a peer of @angular/compiler@^8.2.14 but none is installed. You must install peer dependencies yourself.
npm WARN @eiswind/proto-client-api@0.0.1-SNAPSHOT.201912211722 requires a peer of core-js@^2.4.0 but none is installed. You must install peer dependencies yourself.
npm WARN @nebular/auth@4.6.0 requires a peer of @angular/common@^8.0.0 but none is installed. You must install peer dependencies yourself.
npm WARN @nebular/auth@4.6.0 requires a peer of @angular/core@^8.0.0 but none is installed. You must install peer dependencies yourself.
npm WARN @nebular/auth@4.6.0 requires a peer of @angular/router@^8.0.0 but none is installed. You must install peer dependencies yourself.
npm WARN @nebular/auth@4.6.0 requires a peer of @angular/forms@^8.0.0 but none is installed. You must install peer dependencies yourself.
npm WARN @nebular/security@4.6.0 requires a peer of @angular/common@^8.0.0 but none is installed. You must install peer dependencies yourself.
npm WARN @nebular/security@4.6.0 requires a peer of @angular/core@^8.0.0 but none is installed. You must install peer dependencies yourself.
npm WARN @nebular/security@4.6.0 requires a peer of @angular/router@^8.0.0 but none is installed. You must install peer dependencies yourself.
npm WARN @nebular/theme@4.6.0 requires a peer of @angular/animations@^8.0.0 but none is installed. You must install peer dependencies yourself.
npm WARN @nebular/theme@4.6.0 requires a peer of @angular/common@^8.0.0 but none is installed. You must install peer dependencies yourself.
npm WARN @nebular/theme@4.6.0 requires a peer of @angular/core@^8.0.0 but none is installed. You must install peer dependencies yourself.
npm WARN @nebular/theme@4.6.0 requires a peer of @angular/router@^8.0.0 but none is installed. You must install peer dependencies yourself.
npm WARN @nebular/theme@4.6.0 requires a peer of @angular/cdk@^8.0.0 but none is installed. You must install peer dependencies yourself.
npm WARN axobject-query@2.1.1 requires a peer of eslint@^5 || ^6 but none is installed. You must install peer dependencies yourself.
npm WARN bootstrap@4.4.1 requires a peer of jquery@1.9.1 - 3 but none is installed. You must install peer dependencies yourself.
npm WARN bootstrap@4.4.1 requires a peer of popper.js@^1.16.0 but none is installed. You must install peer dependencies yourself.
npm WARN ng-mocks@8.1.0 requires a peer of @angular/compiler@>=5.x <=8.x but none is installed. You must install peer dependencies yourself.
npm WARN ng-mocks@8.1.0 requires a peer of @angular/core@>=5.x <=8.x but none is installed. You must install peer dependencies yourself.
npm WARN ng-mocks@8.1.0 requires a peer of @angular/forms@>=5.x <=8.x but none is installed. You must install peer dependencies yourself.
npm WARN optional SKIPPING OPTIONAL DEPENDENCY: fsevents@2.1.2 (node_modules/fsevents):
npm WARN notsup SKIPPING OPTIONAL DEPENDENCY: Unsupported platform for fsevents@2.1.2: wanted {"os":"darwin","arch":"any"} (current: {"os":"linux","arch":"x64"})
npm WARN optional SKIPPING OPTIONAL DEPENDENCY: fsevents@1.2.11 (node_modules/webpack-dev-server/node_modules/fsevents):
npm WARN notsup SKIPPING OPTIONAL DEPENDENCY: Unsupported platform for fsevents@1.2.11: wanted {"os":"darwin","arch":"any"} (current: {"os":"linux","arch":"x64"})
npm WARN optional SKIPPING OPTIONAL DEPENDENCY: fsevents@1.2.11 (node_modules/watchpack/node_modules/fsevents):
npm WARN notsup SKIPPING OPTIONAL DEPENDENCY: Unsupported platform for fsevents@1.2.11: wanted {"os":"darwin","arch":"any"} (current: {"os":"linux","arch":"x64"})

audited 16859 packages in 5.789s

31 packages are looking for funding
  run `npm fund` for details

found 3 vulnerabilities (1 low, 2 high)
  run `npm audit fix` to fix them, or `npm audit` for details
